<?xml version="1.0" encoding="UTF-8"?>
<!-- Generated by org.testng.reporters.JUnitReportReporter -->
<testsuite hostname="R01-CE62302732" failures="0" tests="2" name="qaclickacademy.RestapiTest" time="0.020" errors="0" timestamp="2020-05-29T12:36:48 IST" skipped="0">
  <testcase classname="qaclickacademy.RestapiTest" name="deleteTwitter" time="0.009"/>
  <system-out/>
  <testcase classname="qaclickacademy.RestapiTest" name="postJira" time="0.011"/>
  <system-out/>
</testsuite> <!-- qaclickacademy.RestapiTest -->
