<?xml version="1.0" encoding="UTF-8"?>
<!-- Generated by org.testng.reporters.JUnitReportReporter -->
<testsuite hostname="R01-CE62302732" failures="0" tests="1" name="alpha.Demo" time="8.105" errors="0" timestamp="2020-05-09T00:27:20 IST" skipped="0">
  <testcase classname="alpha.Demo" name="Demo" time="8.105"/>
  <system-out/>
</testsuite> <!-- alpha.Demo -->
