<?xml version="1.0" encoding="UTF-8"?>
<!-- Generated by org.testng.reporters.JUnitReportReporter -->
<testsuite hostname="R01-CE62302732" failures="0" tests="1" name="testcases.LoginPage" time="67.409" errors="0" timestamp="2020-05-11T14:42:11 IST" skipped="0">
  <testcase classname="testcases.LoginPage" name="login" time="67.409"/>
  <system-out/>
</testsuite> <!-- testcases.LoginPage -->
