<?xml version="1.0" encoding="UTF-8"?>
<!-- Generated by org.testng.reporters.JUnitReportReporter -->
<testsuite hostname="R01-CE62302732" failures="0" tests="2" name="qaclickacademy.SeleniumTest" time="46.963" errors="0" timestamp="2020-05-29T12:36:48 IST" skipped="0">
  <testcase classname="qaclickacademy.SeleniumTest" name="element" time="0.006"/>
  <system-out/>
  <testcase classname="qaclickacademy.SeleniumTest" name="Demo" time="46.957"/>
  <system-out/>
</testsuite> <!-- qaclickacademy.SeleniumTest -->
