<?xml version="1.0" encoding="UTF-8"?>
<!-- Generated by org.testng.reporters.JUnitReportReporter -->
<testsuite hostname="Venkatesh-pc" name="testngFiles.SaucelabTest" tests="1" failures="0" timestamp="15 Feb 2015 09:32:10 GMT" time="12.047" errors="0">
  <testcase name="setup" time="12.047" classname="testngFiles.SaucelabTest"/>
</testsuite> <!-- testngFiles.SaucelabTest -->
