<?xml version="1.0" encoding="UTF-8"?>
<!-- Generated by org.testng.reporters.JUnitReportReporter -->
<testsuite hostname="Venkatesh-pc" name="testngFiles.DependenyAnnot" tests="5" failures="0" timestamp="15 Feb 2015 09:32:11 GMT" time="94.617" errors="0">
  <testcase name="Timerelated" time="0.036" classname="testngFiles.DependenyAnnot"/>
  <testcase name="FlightBooking" time="24.265" classname="testngFiles.DependenyAnnot"/>
  <testcase name="software" time="0.001" classname="testngFiles.DependenyAnnot"/>
  <testcase name="OpeningBrowser" time="44.773" classname="testngFiles.DependenyAnnot"/>
  <testcase name="Login" time="25.542" classname="testngFiles.DependenyAnnot"/>
</testsuite> <!-- testngFiles.DependenyAnnot -->
