<?xml version="1.0" encoding="UTF-8"?>
<!-- Generated by org.testng.reporters.JUnitReportReporter -->
<testsuite hostname="Venkatesh-pc" name="datddriven.Annotations" tests="3" failures="0" timestamp="16 Jan 2015 04:03:46 GMT" time="0.037" errors="0">
  <testcase name="Userid" time="0.006" classname="datddriven.Annotations"/>
  <testcase name="Userid" time="0.005" classname="datddriven.Annotations"/>
  <testcase name="Userid" time="0.026" classname="datddriven.Annotations"/>
</testsuite> <!-- datddriven.Annotations -->
