<?xml version="1.0" encoding="UTF-8"?>
<!-- Generated by org.testng.reporters.JUnitReportReporter -->
<testsuite hostname="Venkatesh-pc" name="testngFiles.TestBase" tests="2" failures="0" timestamp="15 Feb 2015 09:32:10 GMT" time="26.624" errors="0">
  <testcase name="software" time="0.001" classname="testngFiles.TestBase"/>
  <testcase name="Login" time="26.623" classname="testngFiles.TestBase"/>
</testsuite> <!-- testngFiles.TestBase -->
