<?xml version="1.0" encoding="UTF-8"?>
<!-- Generated by org.testng.reporters.JUnitReportReporter -->
<testsuite hostname="Venkatesh-pc" name="testngFiles.Annotations" tests="2" failures="0" timestamp="16 Jan 2015 04:20:17 GMT" time="0.035" errors="0">
  <testcase name="OpeningBrowser" time="0.005" classname="testngFiles.Annotations"/>
  <testcase name="FlightBooking" time="0.030" classname="testngFiles.Annotations"/>
</testsuite> <!-- testngFiles.Annotations -->
