<?xml version="1.0" encoding="UTF-8"?>
<!-- Generated by org.testng.reporters.JUnitReportReporter -->
<testsuite hostname="Venkatesh-pc" name="testngFiles.Annot2" tests="1" failures="0" timestamp="14 Feb 2015 07:47:27 GMT" time="20.578" errors="0">
  <testcase name="Login" time="20.578" classname="testngFiles.Annot2"/>
</testsuite> <!-- testngFiles.Annot2 -->
