<?xml version="1.0" encoding="UTF-8"?>
<!-- Generated by org.testng.reporters.JUnitReportReporter -->
<testsuite skipped="0" hostname="DESKTOP-FV0I4VU" name="Academy.validateNavigationBar" tests="1" failures="0" timestamp="01 May 2020 19:43:34 GMT" time="1.558" errors="0">
  <testcase name="validateAppNavBar" time="1.558" classname="Academy.validateNavigationBar"/>
</testsuite> <!-- Academy.validateNavigationBar -->
