<?xml version="1.0" encoding="UTF-8"?>
<!-- Generated by org.testng.reporters.JUnitReportReporter -->
<testsuite hostname="R01-CE62302732" failures="0" tests="1" name="Academy.validateNavigationBar" time="0.204" errors="0" timestamp="27 May 2020 10:18:30 GMT">
  <testcase classname="Academy.validateNavigationBar" name="validateAppNavBar" time="0.204"/>
</testsuite> <!-- Academy.validateNavigationBar -->
