<?xml version="1.0" encoding="UTF-8"?>
<!-- Generated by org.testng.reporters.JUnitReportReporter -->
<testsuite hostname="R01-CE62302732" failures="0" tests="2" name="qaclickacademy.AppiumTest" time="0.001" errors="0" timestamp="2020-05-07T12:27:59 IST" skipped="0">
  <testcase classname="qaclickacademy.AppiumTest" name="iosapp" time="0.001"/>
  <system-out/>
  <testcase classname="qaclickacademy.AppiumTest" name="nativeapp" time="0.000"/>
  <system-out/>
</testsuite> <!-- qaclickacademy.AppiumTest -->
