<?xml version="1.0" encoding="UTF-8"?>
<!-- Generated by org.testng.reporters.JUnitReportReporter -->
<testsuite hostname="R01-CE62302732" failures="0" tests="2" name="qaclickacademy.SeleniumTest" time="26.192" errors="0" timestamp="2020-05-07T12:27:59 IST" skipped="0">
  <testcase classname="qaclickacademy.SeleniumTest" name="Demo" time="26.191"/>
  <system-out/>
  <testcase classname="qaclickacademy.SeleniumTest" name="element" time="0.001"/>
  <system-out/>
</testsuite> <!-- qaclickacademy.SeleniumTest -->
