<?xml version="1.0" encoding="UTF-8"?>
<!-- Generated by org.testng.reporters.JUnitReportReporter -->
<testsuite hostname="R01-CE62302732" failures="0" tests="1" name="testngFiles.demo" time="0.029" errors="0" timestamp="12 Aug 2020 13:59:25 GMT">
  <testcase classname="testngFiles.demo" name="test" time="0.029"/>
</testsuite> <!-- testngFiles.demo -->
