<?xml version="1.0" encoding="UTF-8"?>
<!-- Generated by org.testng.reporters.JUnitReportReporter -->
<testsuite hostname="R01-CE62302732" failures="0" tests="2" name="Academy.base" time="52.238" errors="0" timestamp="2020-05-17T19:47:22 IST" skipped="0">
  <testcase classname="Academy.base" name="basePage" time="33.421"/>
  <testcase classname="Academy.base" name="basePage" time="18.817"/>
</testsuite> <!-- Academy.base -->
