<?xml version="1.0" encoding="UTF-8"?>
<!-- Generated by org.testng.reporters.JUnitReportReporter -->
<testsuite hostname="R01-CE62302732" failures="0" tests="2" name="test.Class1" time="0.013" errors="0" timestamp="2020-05-08T12:05:09 IST" skipped="0">
  <testcase classname="test.Class1" name="Demo" time="0.009"/>
  <system-out/>
  <testcase classname="test.Class1" name="prerequiste" time="0.004"/>
  <system-out/>
</testsuite> <!-- test.Class1 -->
