<?xml version="1.0" encoding="UTF-8"?>
<!-- Generated by org.testng.reporters.JUnitReportReporter -->
<testsuite hostname="R01-CE62302732" failures="0" tests="4" name="test.Class3" time="0.028" errors="0" timestamp="2020-05-08T12:05:09 IST" skipped="1">
  <testcase classname="test.Class3" name="Apicarlogin" time="0.008"/>
  <system-out/>
  <testcase classname="test.Class3" name="login" time="0.009"/>
  <system-out/>
  <testcase classname="test.Class3" name="Webcarlogin" time="0.011"/>
  <system-out/>
  <testcase classname="test.Class3" name="Mobilebcarlogin">
    <skipped/>
  </testcase> <!-- Mobilebcarlogin -->
  <system-out/>
</testsuite> <!-- test.Class3 -->
