<?xml version="1.0" encoding="UTF-8"?>
<!-- Generated by org.testng.reporters.JUnitReportReporter -->
<testsuite hostname="R01-CE62302732" failures="0" tests="1" name="Academy.validateNavigationBar" time="0.227" errors="0" timestamp="2020-05-28T20:44:34 IST" skipped="0">
  <testcase classname="Academy.validateNavigationBar" name="validateAppNavBar" time="0.227"/>
  <system-out/>
</testsuite> <!-- Academy.validateNavigationBar -->
