<?xml version="1.0" encoding="UTF-8"?>
<!-- Generated by org.testng.reporters.JUnitReportReporter -->
<testsuite hostname="R01-CE62302732" failures="0" tests="1" name="Academy.sample" time="45.181" errors="0" timestamp="2020-05-18T16:27:00 IST" skipped="0">
  <testcase classname="Academy.sample" name="set" time="45.181"/>
</testsuite> <!-- Academy.sample -->
