<?xml version="1.0" encoding="UTF-8"?>
<!-- Generated by org.testng.reporters.JUnitReportReporter -->
<testsuite hostname="R01-CE62302732" failures="0" tests="2" name="cucumberOptions.TestRunner" time="64.927" errors="0" timestamp="2020-05-27T16:40:17 IST" skipped="0">
  <testcase classname="cucumberOptions.TestRunner" name="runScenario" time="33.496"/>
  <testcase classname="cucumberOptions.TestRunner" name="runScenario" time="31.431"/>
</testsuite> <!-- cucumberOptions.TestRunner -->
