<?xml version="1.0" encoding="UTF-8"?>
<!-- Generated by org.testng.reporters.JUnitReportReporter -->
<testsuite hostname="R01-CE62302732" failures="0" tests="2" name="Academy.HomePage" time="66.336" errors="0" timestamp="2020-05-21T19:26:48 IST" skipped="0">
  <testcase classname="Academy.HomePage" name="basePageNavigation" time="42.472"/>
  <system-out/>
  <testcase classname="Academy.HomePage" name="basePageNavigation" time="23.864"/>
  <system-out/>
</testsuite> <!-- Academy.HomePage -->
