<?xml version="1.0" encoding="UTF-8"?>
<!-- Generated by org.testng.reporters.JUnitReportReporter -->
<testsuite skipped="0" hostname="LAPTOP-M6F29H3O" name="Academy.validateNavigationBar" tests="1" failures="0" timestamp="11 May 2020 06:09:30 GMT" time="0.064" errors="0">
  <testcase name="validateAppNavBar" time="0.064" classname="Academy.validateNavigationBar"/>
</testsuite> <!-- Academy.validateNavigationBar -->
