<?xml version="1.0" encoding="UTF-8"?>
<!-- Generated by org.testng.reporters.JUnitReportReporter -->
<testsuite hostname="R01-CE62302732" failures="0" tests="2" name="FirstPro.HomeSignUp" time="8.060" errors="0" timestamp="2020-06-05T14:50:53 IST" skipped="0">
  <testcase classname="FirstPro.HomeSignUp" name="sign" time="3.940"/>
  <system-out/>
  <testcase classname="FirstPro.HomeSignUp" name="sign" time="4.120"/>
  <system-out/>
</testsuite> <!-- FirstPro.HomeSignUp -->
