<?xml version="1.0" encoding="UTF-8"?>
<!-- Generated by org.testng.reporters.JUnitReportReporter -->
<testsuite hostname="R01-CE62302732" failures="0" tests="1" name="FirstPro.Validation" time="0.180" errors="0" timestamp="2020-06-04T17:56:49 IST" skipped="0">
  <testcase classname="FirstPro.Validation" name="val" time="0.180"/>
  <system-out/>
</testsuite> <!-- FirstPro.Validation -->
