<?xml version="1.0" encoding="UTF-8"?>
<!-- Generated by org.testng.reporters.JUnitReportReporter -->
<testsuite hostname="R01-CE62302732" failures="0" tests="1" name="FirstPro.ShopTest" time="38.020" errors="0" timestamp="2020-06-09T12:20:38 IST" skipped="0">
  <testcase classname="FirstPro.ShopTest" name="category1Test" time="38.020"/>
  <system-out/>
</testsuite> <!-- FirstPro.ShopTest -->
